<?xml version="1.0" encoding="UTF-8"?>
<testng-results ignored="0" total="1" passed="1" failed="0" skipped="0">
  <reporter-output>
  </reporter-output>
  <suite started-at="2018-06-28T19:35:55Z" name="example suite 1" finished-at="2018-06-28T19:36:49Z" duration-ms="54536">
    <groups>
    </groups>
    <test started-at="2018-06-28T19:35:55Z" name="Regression suite 1" finished-at="2018-06-28T19:36:49Z" duration-ms="54536">
      <class name="com.newt.test.SelTest">
        <test-method signature="test()[pri:0, instance:com.newt.test.SelTest@24313fcc]" started-at="2018-06-28T19:35:55Z" name="test" finished-at="2018-06-28T19:36:49Z" duration-ms="54505" status="PASS">
          <reporter-output>
          </reporter-output>
        </test-method> <!-- test -->
      </class> <!-- com.newt.test.SelTest -->
    </test> <!-- Regression suite 1 -->
  </suite> <!-- example suite 1 -->
</testng-results>
