<?xml version="1.0" encoding="UTF-8"?>
<testng-results ignored="0" total="1" passed="1" failed="0" skipped="0">
  <reporter-output>
  </reporter-output>
  <suite started-at="2018-06-28T19:12:33Z" name="Default suite" finished-at="2018-06-28T19:12:43Z" duration-ms="9429">
    <groups>
    </groups>
    <test started-at="2018-06-28T19:12:33Z" name="Default test" finished-at="2018-06-28T19:12:43Z" duration-ms="9429">
      <class name="com.newt.test.SelTest">
        <test-method signature="test()[pri:0, instance:com.newt.test.SelTest@1dac5ef]" started-at="2018-06-28T19:12:33Z" name="test" finished-at="2018-06-28T19:12:43Z" duration-ms="9383" status="PASS">
          <reporter-output>
          </reporter-output>
        </test-method> <!-- test -->
      </class> <!-- com.newt.test.SelTest -->
    </test> <!-- Default test -->
  </suite> <!-- Default suite -->
</testng-results>
